התורה: פירושן של נשים error Expecting value: line 1 column 1 (char 0)
Traceback (most recent call last):
  File "/opt/hostedtoolcache/Python/3.12.9/x64/lib/python3.12/site-packages/requests/models.py", line 974, in json
    return complexjson.loads(self.text, **kwargs)
           ^^^^^^^^^^^^^^^^^^^^^^^^^^^^^^^^^^^^^^
  File "/opt/hostedtoolcache/Python/3.12.9/x64/lib/python3.12/json/__init__.py", line 346, in loads
    return _default_decoder.decode(s)
           ^^^^^^^^^^^^^^^^^^^^^^^^^^
  File "/opt/hostedtoolcache/Python/3.12.9/x64/lib/python3.12/json/decoder.py", line 338, in decode
    obj, end = self.raw_decode(s, idx=_w(s, 0).end())
               ^^^^^^^^^^^^^^^^^^^^^^^^^^^^^^^^^^^^^^
  File "/opt/hostedtoolcache/Python/3.12.9/x64/lib/python3.12/json/decoder.py", line 356, in raw_decode
    raise JSONDecodeError("Expecting value", s, err.value) from None
json.decoder.JSONDecodeError: Expecting value: line 1 column 1 (char 0)

During handling of the above exception, another exception occurred:

Traceback (most recent call last):
  File "/home/runner/work/otzaria-library/otzaria-library/sefariaToOtzaria/סקריפטים/main.py", line 49, in main
    book_content = book_ins.process_book()
                   ^^^^^^^^^^^^^^^^^^^^^^^
  File "/home/runner/work/otzaria-library/otzaria-library/sefariaToOtzaria/סקריפטים/otzaria/get_from_sefaria.py", line 87, in process_book
    self.process_node(self.index["schema"], level=level)
  File "/home/runner/work/otzaria-library/otzaria-library/sefariaToOtzaria/סקריפטים/otzaria/get_from_sefaria.py", line 185, in process_node
    self.process_node(sub_node, key, level=level)
  File "/home/runner/work/otzaria-library/otzaria-library/sefariaToOtzaria/סקריפטים/otzaria/get_from_sefaria.py", line 185, in process_node
    self.process_node(sub_node, key, level=level)
  File "/home/runner/work/otzaria-library/otzaria-library/sefariaToOtzaria/סקריפטים/otzaria/get_from_sefaria.py", line 209, in process_node
    text = self.sefaria_api.get_book(node_index, self.long_lang)
           ^^^^^^^^^^^^^^^^^^^^^^^^^^^^^^^^^^^^^^^^^^^^^^^^^^^^^
  File "/home/runner/work/otzaria-library/otzaria-library/sefariaToOtzaria/סקריפטים/otzaria/sefaria_api.py", line 17, in get_book
    return response.json()
           ^^^^^^^^^^^^^^^
  File "/opt/hostedtoolcache/Python/3.12.9/x64/lib/python3.12/site-packages/requests/models.py", line 978, in json
    raise RequestsJSONDecodeError(e.msg, e.doc, e.pos)
requests.exceptions.JSONDecodeError: Expecting value: line 1 column 1 (char 0)

קובץ יסודות וחקירות error Expecting value: line 6 column 1 (char 5)
Traceback (most recent call last):
  File "/opt/hostedtoolcache/Python/3.12.9/x64/lib/python3.12/site-packages/requests/models.py", line 974, in json
    return complexjson.loads(self.text, **kwargs)
           ^^^^^^^^^^^^^^^^^^^^^^^^^^^^^^^^^^^^^^
  File "/opt/hostedtoolcache/Python/3.12.9/x64/lib/python3.12/json/__init__.py", line 346, in loads
    return _default_decoder.decode(s)
           ^^^^^^^^^^^^^^^^^^^^^^^^^^
  File "/opt/hostedtoolcache/Python/3.12.9/x64/lib/python3.12/json/decoder.py", line 338, in decode
    obj, end = self.raw_decode(s, idx=_w(s, 0).end())
               ^^^^^^^^^^^^^^^^^^^^^^^^^^^^^^^^^^^^^^
  File "/opt/hostedtoolcache/Python/3.12.9/x64/lib/python3.12/json/decoder.py", line 356, in raw_decode
    raise JSONDecodeError("Expecting value", s, err.value) from None
json.decoder.JSONDecodeError: Expecting value: line 6 column 1 (char 5)

During handling of the above exception, another exception occurred:

Traceback (most recent call last):
  File "/home/runner/work/otzaria-library/otzaria-library/sefariaToOtzaria/סקריפטים/main.py", line 48, in main
    book_ins = Book(book_en_title, "hebrew", book_he_title, book_path, get_links=get_links)
               ^^^^^^^^^^^^^^^^^^^^^^^^^^^^^^^^^^^^^^^^^^^^^^^^^^^^^^^^^^^^^^^^^^^^^^^^^^^^
  File "/home/runner/work/otzaria-library/otzaria-library/sefariaToOtzaria/סקריפטים/otzaria/get_from_sefaria.py", line 30, in __init__
    self.shape = self.sefaria_api.get_shape(self.book_title)
                 ^^^^^^^^^^^^^^^^^^^^^^^^^^^^^^^^^^^^^^^^^^^
  File "/home/runner/work/otzaria-library/otzaria-library/sefariaToOtzaria/סקריפטים/otzaria/sefaria_api.py", line 22, in get_shape
    return response.json()
           ^^^^^^^^^^^^^^^
  File "/opt/hostedtoolcache/Python/3.12.9/x64/lib/python3.12/site-packages/requests/models.py", line 978, in json
    raise RequestsJSONDecodeError(e.msg, e.doc, e.pos)
requests.exceptions.JSONDecodeError: Expecting value: line 6 column 1 (char 5)

