אבן עזרא על שמות; פירוש הקצר
רמבן על איוב
אשכול הכופר על רות
דברי דוד על רש״י
מחוקקי יהודה קרני אור
מחוקקי יהודה יהל אור
מגלה עמוקות על התורה
נחלת יעקב
ראשון לציון על יהושע
ראשון לציון על שופטים
ראשון לציון על שמואל א
ראשון לציון על שמואל ב
ראשון לציון על ישעיהו
ראשון לציון על משלי
ראשון לציון על שיר השירים
ראשון לציון על איכה
ראשון לציון על אסתר
פרדס יוסף
צאינה וראינה
פירושי רדצ הופמן על ויקרא
שיג ושיח; קריאות חדשות בפרשת השבוע, בראשית
שיג ושיח; קריאות חדשות בפרשת השבוע, שמות
שיג ושיח; קריאות חדשות בפרשת השבוע, ויקרא
שיג ושיח; קריאות חדשות בפרשת השבוע, במדבר
שיג ושיח; קריאות חדשות בפרשת השבוע, דברים
שיח ושיג מהדורה משפחתית
מאמרים על אתיקה; קריאות חדשות בפרשת השבוע
אני מאמין; קריאות חדשות בפרשת השבוע
שיעורים במנהיגות; קריאות חדשות בפרשת השבוע
שיעורים ברוחניות; קריאות חדשות בפרשת השבוע
ביאור שטיינזלץ, הקדמות לתנך
ביאור שטיינזלץ על בראשית
ביאור שטיינזלץ על שמות
ביאור שטיינזלץ על ויקרא
ביאור שטיינזלץ על במדבר
ביאור שטיינזלץ על דברים
ביאור שטיינזלץ על יהושע
ביאור שטיינזלץ על שופטים
ביאור שטיינזלץ על שמואל א
ביאור שטיינזלץ על שמואל ב
ביאור שטיינזלץ על מלכים א
ביאור שטיינזלץ על מלכים ב
ביאור שטיינזלץ על ישעיהו
ביאור שטיינזלץ על ירמיהו
ביאור שטיינזלץ על יחזקאל
ביאור שטיינזלץ על הושע
ביאור שטיינזלץ על יואל
ביאור שטיינזלץ על עמוס
ביאור שטיינזלץ על עובדיה
ביאור שטיינזלץ על יונה
ביאור שטיינזלץ על מיכה
ביאור שטיינזלץ על נחום
ביאור שטיינזלץ על חבקוק
ביאור שטיינזלץ על צפניה
ביאור שטיינזלץ על חגי
ביאור שטיינזלץ על זכריה
ביאור שטיינזלץ על מלאכי
ביאור שטיינזלץ על תהילים
ביאור שטיינזלץ על משלי
ביאור שטיינזלץ על איוב
ביאור שטיינזלץ על שיר השירים
ביאור שטיינזלץ על רות
ביאור שטיינזלץ על איכה
ביאור שטיינזלץ על קהלת
ביאור שטיינזלץ על אסתר
ביאור שטיינזלץ על דניאל
ביאור שטיינזלץ על עזרא
ביאור שטיינזלץ על נחמיה
ביאור שטיינזלץ על דברי הימים א
ביאור שטיינזלץ על דברי הימים ב
התורה פירושן של נשים
שערי תורת בבל על משנה מדות
שערי תורת בבל על משנה קינים
שערי תורת בבל על משנה עדיות
שערי תורת בבל על משנה אבות
שערי תורת בבל על משנה כלים
שערי תורת בבל על משנה אהלות
שערי תורת בבל על משנה נגעים
שערי תורת בבל על משנה פרה
שערי תורת בבל על משנה טהרות
שערי תורת בבל על משנה מקואות
שערי תורת בבל על משנה מכשירין
שערי תורת בבל על משנה זבים
שערי תורת בבל על משנה טבול יום
שערי תורת בבל על משנה ידים
שערי תורת בבל על משנה עוקצים
שערי תורת בבל על משנה פאה
שערי תורת בבל על משנה דמאי
שערי תורת בבל על משנה כלאים
שערי תורת בבל על משנה שביעית
שערי תורת בבל על משנה תרומות
שערי תורת בבל על משנה מעשרות
שערי תורת בבל על משנה מעשר שני
שערי תורת בבל על משנה חלה
שערי תורת בבל על משנה ערלה
שערי תורת בבל על משנה ביכורים
אבות דרבי נתן נוסח ב
מאירי על עבודה זרה
חדושי הראה על כתובות
חדושי הרי מיגאש על בבא בתרא
חדושי הרי מיגאש על שבועות
תוספות הראש על ברכות
תוספות הראש על קידושין
ערוך לנר על ראש השנה
ערוך לנר על סנהדרין
שערי תורת בבל על ברכות
שערי תורת בבל על שבת
שערי תורת בבל על עירובין
שערי תורת בבל על פסחים
שערי תורת בבל על ראש השנה
שערי תורת בבל על יומא
שערי תורת בבל על סוכה
שערי תורת בבל על ביצה
שערי תורת בבל על תענית
שערי תורת בבל על מגילה
שערי תורת בבל על מועד קטן
שערי תורת בבל על חגיגה
שערי תורת בבל על יבמות
שערי תורת בבל על כתובות
שערי תורת בבל על נדרים
שערי תורת בבל על נזיר
שערי תורת בבל על סוטה
שערי תורת בבל על גיטין
שערי תורת בבל על קידושין
שערי תורת בבל על בבא קמא
שערי תורת בבל על בבא מציעא
שערי תורת בבל על בבא בתרא
שערי תורת בבל על סנהדרין
שערי תורת בבל על מכות
שערי תורת בבל על שבועות
שערי תורת בבל על עבודה זרה
שערי תורת בבל על הוריות
שערי תורת בבל על זבחים
שערי תורת בבל על מנחות
שערי תורת בבל על חולין
שערי תורת בבל על בכורות
שערי תורת בבל על ערכין
שערי תורת בבל על תמורה
שערי תורת בבל על כריתות
שערי תורת בבל על מעילה
שערי תורת בבל על תמיד
שערי תורת בבל על נדה
שערי תורת בבל על אבות דרבי נתן
שערי תורת בבל על מסכת עבדים
שערי תורת בבל על מסכת דרך ארץ רבה
שערי תורת בבל על מסכת דרך ארץ זוטא
שערי תורת בבל על מסכת גרים
שערי תורת בבל על מסכת כלה
שערי תורת בבל על מסכת כותים
שערי תורת בבל על מסכת שמחות
שערי תורת בבל על מסכת סופרים
ציון לנפש חיה על ברכות
ציון לנפש חיה על חגיגה
ציון לנפש חיה על חולין
ציון לנפש חיה על עירובין
ציון לנפש חיה על מגילה
ציון לנפש חיה על מנחות
ציון לנפש חיה על ראש השנה
ציון לנפש חיה על שבת
ציון לנפש חיה על תענית
ציון לנפש חיה על זבחים
באר שבע על חולין
באר שבע על הוריות
באר שבע על כריתות
באר שבע על סנהדרין
באר שבע על סוטה
באר שבע על תמיד
חידושי הרימ על בבא קמא
חידושי הרימ על בבא בתרא
חידושי הרימ על בבא מציעא
חידושי הרימ על גיטין
חידושי הרימ על כתובות
חידושי הרימ על קידושין
חידושי הרימ על שבועות
גבורת ארי על יומא
גבורת ארי על ביצה
גבורת ארי על תענית
גבורת ארי על נזיר
גבורת ארי על מכות
רשימות שיעורים על הוריות
ביאור הגרא על תלמוד ירושלמי פאה
ביאור הגרא על תלמוד ירושלמי דמאי
ביאור הגרא על תלמוד ירושלמי כלאים
ביאור הגרא על תלמוד ירושלמי שביעית
ביאור הגרא על תלמוד ירושלמי תרומות
ביאור הגרא על תלמוד ירושלמי מעשרות
ביאור הגרא על תלמוד ירושלמי מעשר שני
ביאור הגרא על תלמוד ירושלמי חלה
ביאור הגרא על תלמוד ירושלמי ערלה
ביאור הגרא על תלמוד ירושלמי בכורים
נועם ירושלמי על ברכות
נועם ירושלמי על פאה
נועם ירושלמי על דמאי
נועם ירושלמי על כלאים
נועם ירושלמי על שביעית
נועם ירושלמי על תרומות
נועם ירושלמי על מעשרות
נועם ירושלמי על מעשר שני
נועם ירושלמי על חלה
נועם ירושלמי על ערלה
נועם ירושלמי על בכורים
נועם ירושלמי על שבת
נועם ירושלמי על עירובין
נועם ירושלמי על פסחים
נועם ירושלמי על יומא
נועם ירושלמי על שקלים
נועם ירושלמי על סוכה
נועם ירושלמי על ראש השנה
נועם ירושלמי על ביצה
נועם ירושלמי על תענית
נועם ירושלמי על מגילה
נועם ירושלמי על חגיגה
נועם ירושלמי על מועד קטן
נועם ירושלמי על יבמות
נועם ירושלמי על סוטה
נועם ירושלמי על כתובות
נועם ירושלמי על נדרים
נועם ירושלמי על נזיר
נועם ירושלמי על גיטין
נועם ירושלמי על קידושין
נועם ירושלמי על בבא קמא
נועם ירושלמי על בבא מציעא
נועם ירושלמי על בבא בתרא
נועם ירושלמי על סנהדרין
נועם ירושלמי על שבועות
נועם ירושלמי על עבודה זרה
נועם ירושלמי על מכות
נועם ירושלמי על הוריות
נועם ירושלמי על נדה
שערי תורת ארץ ישראל על תלמוד ירושלמי שבת
שערי תורת ארץ ישראל על תלמוד ירושלמי עירובין
שערי תורת ארץ ישראל על תלמוד ירושלמי פסחים
שערי תורת ארץ ישראל על תלמוד ירושלמי יומא
שערי תורת ארץ ישראל על תלמוד ירושלמי שקלים
שערי תורת ארץ ישראל על תלמוד ירושלמי סוכה
שערי תורת ארץ ישראל על תלמוד ירושלמי ראש השנה
שערי תורת ארץ ישראל על תלמוד ירושלמי ביצה
שערי תורת ארץ ישראל על תלמוד ירושלמי תענית
שערי תורת ארץ ישראל על תלמוד ירושלמי מגילה
שערי תורת ארץ ישראל על תלמוד ירושלמי חגיגה
שערי תורת ארץ ישראל על תלמוד ירושלמי מועד קטן
שערי תורת ארץ ישראל על תלמוד ירושלמי יבמות
שערי תורת ארץ ישראל על תלמוד ירושלמי סוטה
שערי תורת ארץ ישראל על תלמוד ירושלמי כתובות
שערי תורת ארץ ישראל על תלמוד ירושלמי נדרים
שערי תורת ארץ ישראל על תלמוד ירושלמי נזיר
שערי תורת ארץ ישראל על תלמוד ירושלמי גיטין
שערי תורת ארץ ישראל על תלמוד ירושלמי קידושין
שערי תורת ארץ ישראל על תלמוד ירושלמי בבא קמא
שערי תורת ארץ ישראל על תלמוד ירושלמי בבא מציעא
שערי תורת ארץ ישראל על תלמוד ירושלמי בבא בתרא
שערי תורת ארץ ישראל על תלמוד ירושלמי סנהדרין
שערי תורת ארץ ישראל על תלמוד ירושלמי שבועות
שערי תורת ארץ ישראל על תלמוד ירושלמי עבודה זרה
שערי תורת ארץ ישראל על תלמוד ירושלמי מכות
שערי תורת ארץ ישראל על תלמוד ירושלמי הוריות
שערי תורת ארץ ישראל על תלמוד ירושלמי נדה
שערי תורת ארץ ישראל על תלמוד ירושלמי ברכות
שערי תורת ארץ ישראל על תלמוד ירושלמי פאה
שערי תורת ארץ ישראל על תלמוד ירושלמי דמאי
שערי תורת ארץ ישראל על תלמוד ירושלמי כלאים
שערי תורת ארץ ישראל על תלמוד ירושלמי תרומות
שערי תורת ארץ ישראל על תלמוד ירושלמי מעשרות
שערי תורת ארץ ישראל על תלמוד ירושלמי מעשר שני
שערי תורת ארץ ישראל על תלמוד ירושלמי חלה
שערי תורת ארץ ישראל על תלמוד ירושלמי ערלה
שערי תורת ארץ ישראל על תלמוד ירושלמי בכורים
פירוש שלמה סיריליו על תלמוד ירושלמי ברכות
פירוש שלמה סיריליו על תלמוד ירושלמי פאה
פירוש שלמה סיריליו על תלמוד ירושלמי דמאי
פירוש שלמה סיריליו על תלמוד ירושלמי כלאים
פירוש שלמה סיריליו על תלמוד ירושלמי שביעית
פירוש שלמה סיריליו על תלמוד ירושלמי תרומות
פירוש שלמה סיריליו על תלמוד ירושלמי מעשרות
פירוש שלמה סיריליו על תלמוד ירושלמי מעשר שני
פירוש שלמה סיריליו על תלמוד ירושלמי חלה
פירוש שלמה סיריליו על תלמוד ירושלמי ערלה
פירוש שלמה סיריליו על תלמוד ירושלמי בכורים
פירוש שלמה סיריליו על תלמוד ירושלמי שקלים
ראבד על ספרא
פר אחד על פרקי דרבי אליעזר
ללמוד לקרוא מדרש
ביאור שטיינזלץ, הקדמות למשנה תורה
ביאור שטיינזלץ על משנה תורה, הלכות יסודי התורה
ביאור שטיינזלץ על משנה תורה, הלכות דעות
ביאור שטיינזלץ על משנה תורה, הלכות תלמוד תורה
ביאור שטיינזלץ על משנה תורה, הלכות עבודה זרה וחוקות הגויים
ביאור שטיינזלץ על משנה תורה, הלכות תשובה
ביאור שטיינזלץ על משנה תורה, הלכות קריאת שמע
ביאור שטיינזלץ על משנה תורה, הלכות תפילה וברכת כהנים
ביאור שטיינזלץ על משנה תורה, הלכות תפילין ומזוזה וספר תורה
ביאור שטיינזלץ על משנה תורה, הלכות ציצית
ביאור שטיינזלץ על משנה תורה, הלכות ברכות
ביאור שטיינזלץ על משנה תורה, הלכות מילה
ביאור שטיינזלץ על משנה תורה, סדר התפילה
ביאור שטיינזלץ על משנה תורה, הלכות שבת
ביאור שטיינזלץ על משנה תורה, הלכות עירובין
ביאור שטיינזלץ על משנה תורה, הלכות שביתת עשור
ביאור שטיינזלץ על משנה תורה, הלכות שביתת יום טוב
ביאור שטיינזלץ על משנה תורה, הלכות חמץ ומצה
ביאור שטיינזלץ על משנה תורה, הלכות שופר וסוכה ולולב
ביאור שטיינזלץ על משנה תורה, הלכות שקלים
ביאור שטיינזלץ על משנה תורה, הלכות קידוש החודש
ביאור שטיינזלץ על משנה תורה, הלכות תעניות
ביאור שטיינזלץ על משנה תורה, הלכות מגילה וחנוכה
ביאור שטיינזלץ על משנה תורה, הלכות אישות
ביאור שטיינזלץ על משנה תורה, הלכות גירושין
ביאור שטיינזלץ על משנה תורה, הלכות יבום וחליצה
ביאור שטיינזלץ על משנה תורה, הלכות נערה בתולה
ביאור שטיינזלץ על משנה תורה הלכות סוטה
ביאור שטיינזלץ על משנה תורה, הלכות איסורי ביאה
ביאור שטיינזלץ על משנה תורה, הלכות מאכלות אסורות
ביאור שטיינזלץ על משנה תורה, הלכות שחיטה
ביאור שטיינזלץ על משנה תורה, הלכות שבועות
ביאור שטיינזלץ על משנה תורה, הלכות נדרים
ביאור שטיינזלץ על משנה תורה, הלכות נזירות
ביאור שטיינזלץ על משנה תורה, הלכות ערכים וחרמין
ביאור שטיינזלץ על משנה תורה, הלכות כלאים
ביאור שטיינזלץ על משנה תורה, הלכות מתנות עניים
ביאור שטיינזלץ על משנה תורה, הלכות תרומות
ביאור שטיינזלץ על משנה תורה, הלכות מעשרות
ביאור שטיינזלץ על משנה תורה, הלכות מעשר שני ונטע רבעי
ביאור שטיינזלץ על משנה תורה, הלכות ביכורים ושאר מתנות כהונה שבגבולין
ביאור שטיינזלץ על משנה תורה, הלכות שמיטה ויובל
ביאור שטיינזלץ על משנה תורה, הלכות בית הבחירה
ביאור שטיינזלץ על משנה תורה, הלכות כלי המקדש והעובדין בו
ביאור שטיינזלץ על משנה תורה, הלכות ביאת מקדש
ביאור שטיינזלץ על משנה תורה, הלכות איסורי המזבח
ביאור שטיינזלץ על משנה תורה, הלכות מעשה הקרבנות
ביאור שטיינזלץ על משנה תורה, הלכות תמידים ומוספין
ביאור שטיינזלץ על משנה תורה, הלכות פסולי המוקדשין
ביאור שטיינזלץ על משנה תורה, הלכות עבודת יום הכפורים
ביאור שטיינזלץ על משנה תורה, הלכות מעילה
ביאור שטיינזלץ על משנה תורה, הלכות קרבן פסח
ביאור שטיינזלץ על משנה תורה, הלכות חגיגה
ביאור שטיינזלץ על משנה תורה, הלכות בכורות
ביאור שטיינזלץ על משנה תורה, הלכות שגגות
ביאור שטיינזלץ על משנה תורה, הלכות מחוסרי כפרה
ביאור שטיינזלץ על משנה תורה, הלכות תמורה
ביאור שטיינזלץ על משנה תורה, הלכות טומאת מת
ביאור שטיינזלץ על משנה תורה, הלכות פרה אדומה
ביאור שטיינזלץ על משנה תורה, הלכות טומאת צרעת
ביאור שטיינזלץ על משנה תורה, הלכות מטמאי משכב ומושב
ביאור שטיינזלץ על משנה תורה, הלכות שאר אבות הטומאות
ביאור שטיינזלץ על משנה תורה, הלכות טומאת אוכלים
ביאור שטיינזלץ על משנה תורה, הלכות כלים
ביאור שטיינזלץ על משנה תורה, הלכות מקואות
ביאור שטיינזלץ על משנה תורה, הלכות נזקי ממון
ביאור שטיינזלץ על משנה תורה, הלכות גניבה
ביאור שטיינזלץ על משנה תורה, הלכות גזילה ואבידה
ביאור שטיינזלץ על משנה תורה, הלכות חובל ומזיק
ביאור שטיינזלץ על משנה תורה, הלכות רוצח ושמירת נפש
ביאור שטיינזלץ על משנה תורה, הלכות מכירה
ביאור שטיינזלץ על משנה תורה, הלכות זכייה ומתנה
ביאור שטיינזלץ על משנה תורה, הלכות שכנים
ביאור שטיינזלץ על משנה תורה, הלכות שלוחין ושותפין
ביאור שטיינזלץ על משנה תורה, הלכות עבדים
ביאור שטיינזלץ על משנה תורה, הלכות שכירות
ביאור שטיינזלץ על משנה תורה, הלכות שאלה ופיקדון
ביאור שטיינזלץ על משנה תורה, הלכות מלווה ולווה
ביאור שטיינזלץ על משנה תורה, הלכות טוען ונטען
ביאור שטיינזלץ על משנה תורה, הלכות נחלות
ביאור שטיינזלץ על משנה תורה, הלכות סנהדרין והעונשין המסורין להם
ביאור שטיינזלץ על משנה תורה, הלכות עדות
ביאור שטיינזלץ על משנה תורה, הלכות ממרים
ביאור שטיינזלץ על משנה תורה, הלכות אבל
ביאור שטיינזלץ על משנה תורה, הלכות מלכים ומלחמות
שולחן ערוך, הקדמה
פסקי הסידור
סדר ברכת הנהנין
האגור
מדריך להלכות טהרת המשפחה
ההלכה כוחה ותפקידה
תנאי בנישואין ובגט
יהל אור על ספר הזהר
שער ההקדמות
השפעה; הלימוד המרכזי של הקבלה
מגלה עמוקות על פרשת ואתחנן
הגדת הרב יונתן זקס
מדרש בחדוש על הגדה של פסח
מעבר יבק
מדרש האתמרי
ספר ההגיון
ספר המליצה
מחלוקת לשם שמים
מועדים לשיחה; קריאות חדשות בחגי ישראל
משבר וברית; מחשבה יהודית מודרנית ופוסט מודרנית
מסורת בעידן לא מסורתי
פסח על שום מה הגדת הרב יונתן זקס; מאמרים
תורת אמך
נשמת חיים
נר מצוה ותורה אור; שער היחוד
חנה אריאל
אור המאיר
מעלות המדות
יסוד התשובה
שות הרן
אבקת רוכל
בנין עולם
הלכות קטנות
שות מהרם פדוואה
תשובות משיב דבר
תשובות רבי עקיבא איגר
תשובות רבי עקיבא איגר החדשות
תשובות רבי עקיבא איגר תניינא
שות מהרשם חלק א
שות מהרשם חלק ב
שות מהרשם חלק ג
